Performing C++ SOURCE FILE Test ABSL_INTERNAL_AT_LEAST_CXX17 failed with the following output:
Change Dir: /home/teste/trabalho/teste/open_spiel/build/CMakeFiles/CMakeTmp

Run Build Command(s):/usr/bin/gmake -f Makefile cmTC_f7591/fast && /usr/bin/gmake  -f CMakeFiles/cmTC_f7591.dir/build.make CMakeFiles/cmTC_f7591.dir/build
gmake[1]: Entrando no diret贸rio '/home/teste/trabalho/teste/open_spiel/build/CMakeFiles/CMakeTmp'
Building CXX object CMakeFiles/cmTC_f7591.dir/src.cxx.o
/usr/bin/c++ -DABSL_INTERNAL_AT_LEAST_CXX17  -std=gnu++14 -o CMakeFiles/cmTC_f7591.dir/src.cxx.o -c /home/teste/trabalho/teste/open_spiel/build/CMakeFiles/CMakeTmp/src.cxx
/home/teste/trabalho/teste/open_spiel/build/CMakeFiles/CMakeTmp/src.cxx:6:4: error: #error "The compiler defaults or is configured for C++ < 17"
    6 | #  error "The compiler defaults or is configured for C++ < 17"
      |    ^~~~~
gmake[1]: *** [CMakeFiles/cmTC_f7591.dir/build.make:78: CMakeFiles/cmTC_f7591.dir/src.cxx.o] Erro 1
gmake[1]: Saindo do diret贸rio '/home/teste/trabalho/teste/open_spiel/build/CMakeFiles/CMakeTmp'
gmake: *** [Makefile:127: cmTC_f7591/fast] Erro 2


Source file was:
#ifdef _MSC_VER
#  if _MSVC_LANG < 201703L
#    error "The compiler defaults or is configured for C++ < 17"
#  endif
#elif __cplusplus < 201703L
#  error "The compiler defaults or is configured for C++ < 17"
#endif
int main() { return 0; }

Performing C++ SOURCE FILE Test ABSL_INTERNAL_AT_LEAST_CXX20 failed with the following output:
Change Dir: /home/teste/trabalho/teste/open_spiel/build/CMakeFiles/CMakeTmp

Run Build Command(s):/usr/bin/gmake -f Makefile cmTC_d0614/fast && /usr/bin/gmake  -f CMakeFiles/cmTC_d0614.dir/build.make CMakeFiles/cmTC_d0614.dir/build
gmake[1]: Entrando no diret贸rio '/home/teste/trabalho/teste/open_spiel/build/CMakeFiles/CMakeTmp'
Building CXX object CMakeFiles/cmTC_d0614.dir/src.cxx.o
/usr/bin/c++ -DABSL_INTERNAL_AT_LEAST_CXX20  -std=gnu++14 -o CMakeFiles/cmTC_d0614.dir/src.cxx.o -c /home/teste/trabalho/teste/open_spiel/build/CMakeFiles/CMakeTmp/src.cxx
/home/teste/trabalho/teste/open_spiel/build/CMakeFiles/CMakeTmp/src.cxx:6:4: error: #error "The compiler defaults or is configured for C++ < 20"
    6 | #  error "The compiler defaults or is configured for C++ < 20"
      |    ^~~~~
gmake[1]: *** [CMakeFiles/cmTC_d0614.dir/build.make:78: CMakeFiles/cmTC_d0614.dir/src.cxx.o] Erro 1
gmake[1]: Saindo do diret贸rio '/home/teste/trabalho/teste/open_spiel/build/CMakeFiles/CMakeTmp'
gmake: *** [Makefile:127: cmTC_d0614/fast] Erro 2


Source file was:
#ifdef _MSC_VER
#  if _MSVC_LANG < 202002L
#    error "The compiler defaults or is configured for C++ < 20"
#  endif
#elif __cplusplus < 202002L
#  error "The compiler defaults or is configured for C++ < 20"
#endif
int main() { return 0; }

