The target system is: Emscripten - 1 - x86
The host system is: Linux - 6.5.0-41-generic - x86_64
Performing C++ SOURCE FILE Test ABSL_INTERNAL_AT_LEAST_CXX17 succeeded with the following output:
Change Dir: /home/teste/trabalho/sdl-test/rpg_game/build.em/CMakeFiles/CMakeTmp

Run Build Command(s):/usr/bin/gmake -f Makefile cmTC_d710f/fast && /usr/bin/gmake  -f CMakeFiles/cmTC_d710f.dir/build.make CMakeFiles/cmTC_d710f.dir/build
gmake[1]: Entering directory '/home/teste/trabalho/sdl-test/rpg_game/build.em/CMakeFiles/CMakeTmp'
Building CXX object CMakeFiles/cmTC_d710f.dir/src.cxx.o
/home/teste/emsdk/upstream/emscripten/em++ -DABSL_INTERNAL_AT_LEAST_CXX17   -MD -MT CMakeFiles/cmTC_d710f.dir/src.cxx.o -MF CMakeFiles/cmTC_d710f.dir/src.cxx.o.d -o CMakeFiles/cmTC_d710f.dir/src.cxx.o -c /home/teste/trabalho/sdl-test/rpg_game/build.em/CMakeFiles/CMakeTmp/src.cxx
Linking CXX executable cmTC_d710f.js
/usr/bin/cmake -E cmake_link_script CMakeFiles/cmTC_d710f.dir/link.txt --verbose=1
/home/teste/emsdk/upstream/emscripten/em++ @CMakeFiles/cmTC_d710f.dir/objects1.rsp -o cmTC_d710f.js 
gmake[1]: Leaving directory '/home/teste/trabalho/sdl-test/rpg_game/build.em/CMakeFiles/CMakeTmp'


Source file was:
#ifdef _MSC_VER
#  if _MSVC_LANG < 201703L
#    error "The compiler defaults or is configured for C++ < 17"
#  endif
#elif __cplusplus < 201703L
#  error "The compiler defaults or is configured for C++ < 17"
#endif
int main() { return 0; }

Performing C SOURCE FILE Test CMAKE_HAVE_LIBC_PTHREAD succeeded with the following output:
Change Dir: /home/teste/trabalho/sdl-test/rpg_game/build.em/CMakeFiles/CMakeTmp

Run Build Command(s):/usr/bin/gmake -f Makefile cmTC_5eb65/fast && /usr/bin/gmake  -f CMakeFiles/cmTC_5eb65.dir/build.make CMakeFiles/cmTC_5eb65.dir/build
gmake[1]: Entering directory '/home/teste/trabalho/sdl-test/rpg_game/build.em/CMakeFiles/CMakeTmp'
Building C object CMakeFiles/cmTC_5eb65.dir/src.c.o
/home/teste/emsdk/upstream/emscripten/emcc -DCMAKE_HAVE_LIBC_PTHREAD   -MD -MT CMakeFiles/cmTC_5eb65.dir/src.c.o -MF CMakeFiles/cmTC_5eb65.dir/src.c.o.d -o CMakeFiles/cmTC_5eb65.dir/src.c.o -c /home/teste/trabalho/sdl-test/rpg_game/build.em/CMakeFiles/CMakeTmp/src.c
Linking C executable cmTC_5eb65.js
/usr/bin/cmake -E cmake_link_script CMakeFiles/cmTC_5eb65.dir/link.txt --verbose=1
/home/teste/emsdk/upstream/emscripten/emcc @CMakeFiles/cmTC_5eb65.dir/objects1.rsp -o cmTC_5eb65.js 
gmake[1]: Leaving directory '/home/teste/trabalho/sdl-test/rpg_game/build.em/CMakeFiles/CMakeTmp'


Source file was:
#include <pthread.h>

static void* test_func(void* data)
{
  return data;
}

int main(void)
{
  pthread_t thread;
  pthread_create(&thread, NULL, test_func, NULL);
  pthread_detach(thread);
  pthread_cancel(thread);
  pthread_join(thread, NULL);
  pthread_atfork(NULL, NULL, NULL);
  pthread_exit(NULL);

  return 0;
}

